09/04/2022 16:53:28 - WARNING - __main__ - Process rank: -1, device: cuda:0, n_gpu: 1distributed training: False, 16-bits training: False
09/04/2022 16:53:28 - INFO - __main__ - Training/evaluation parameters Seq2SeqTrainingArguments(
_n_gpu=1,
adafactor=False,
adam_beta1=0.9,
adam_beta2=0.999,
adam_epsilon=1e-08,
auto_find_batch_size=False,
bf16=False,
bf16_full_eval=False,
data_seed=None,
dataloader_drop_last=False,
dataloader_num_workers=0,
dataloader_pin_memory=True,
ddp_bucket_cap_mb=None,
ddp_find_unused_parameters=None,
debug=[],
deepspeed=None,
disable_tqdm=False,
do_eval=True,
do_predict=False,
do_train=True,
eval_accumulation_steps=None,
eval_delay=0,
eval_steps=None,
evaluation_strategy=epoch,
fp16=False,
fp16_backend=auto,
fp16_full_eval=False,
fp16_opt_level=O1,
fsdp=[],
fsdp_min_num_params=0,
fsdp_transformer_layer_cls_to_wrap=None,
full_determinism=False,
generation_max_length=256,
generation_num_beams=None,
gradient_accumulation_steps=1,
gradient_checkpointing=True,
greater_is_better=True,
group_by_length=False,
half_precision_backend=auto,
hub_model_id=None,
hub_private_repo=False,
hub_strategy=every_save,
hub_token=<HUB_TOKEN>,
ignore_data_skip=False,
include_inputs_for_metrics=False,
jit_mode_eval=False,
label_names=None,
label_smoothing_factor=0.0,
learning_rate=5e-06,
length_column_name=length,
load_best_model_at_end=True,
local_rank=-1,
log_level=-1,
log_level_replica=-1,
log_on_each_node=True,
logging_dir=output/bart-large-qmsum/runs/Sep04_16-53-27_a0012.abci.local,
logging_first_step=False,
logging_nan_inf_filter=True,
logging_steps=500,
logging_strategy=epoch,
lr_scheduler_type=linear,
max_grad_norm=1.0,
max_steps=-1,
metric_for_best_model=eval_mean_rouge,
mp_parameters=,
no_cuda=False,
num_train_epochs=10.0,
optim=adamw_hf,
output_dir=output/bart-large-qmsum,
overwrite_output_dir=True,
past_index=-1,
per_device_eval_batch_size=1,
per_device_train_batch_size=1,
predict_with_generate=True,
prediction_loss_only=False,
push_to_hub=False,
push_to_hub_model_id=None,
push_to_hub_organization=None,
push_to_hub_token=<PUSH_TO_HUB_TOKEN>,
ray_scope=last,
remove_unused_columns=True,
report_to=[],
resume_from_checkpoint=None,
run_name=output/bart-large-qmsum,
save_on_each_node=False,
save_steps=500,
save_strategy=epoch,
save_total_limit=None,
seed=42,
sharded_ddp=[],
skip_memory_metrics=True,
sortish_sampler=False,
tf32=None,
torchdynamo=None,
tpu_metrics_debug=False,
tpu_num_cores=None,
use_ipex=False,
use_legacy_prediction_loop=False,
warmup_ratio=0.0,
warmup_steps=0,
weight_decay=0.0,
xpu_backend=None,
)
json {'train': 'data/qmsum/train.json', 'validation': 'data/qmsum/val.json'}
09/04/2022 16:53:29 - WARNING - datasets.builder - Using custom data configuration default-27bae8f72b8d9ea7
09/04/2022 16:53:29 - INFO - datasets.builder - Overwrite dataset info from restored data version.
09/04/2022 16:53:29 - INFO - datasets.info - Loading Dataset info from /home/ace14385kw/.cache/huggingface/datasets/json/default-27bae8f72b8d9ea7/0.0.0/a3e658c4731e59120d44081ac10bf85dc7e1388126b92338344ce9661907f253
09/04/2022 16:53:29 - WARNING - datasets.builder - Reusing dataset json (/home/ace14385kw/.cache/huggingface/datasets/json/default-27bae8f72b8d9ea7/0.0.0/a3e658c4731e59120d44081ac10bf85dc7e1388126b92338344ce9661907f253)
09/04/2022 16:53:29 - INFO - datasets.info - Loading Dataset info from /home/ace14385kw/.cache/huggingface/datasets/json/default-27bae8f72b8d9ea7/0.0.0/a3e658c4731e59120d44081ac10bf85dc7e1388126b92338344ce9661907f253
09/04/2022 16:53:41 - WARNING - datasets.arrow_dataset - Loading cached processed dataset at /home/ace14385kw/.cache/huggingface/datasets/json/default-27bae8f72b8d9ea7/0.0.0/a3e658c4731e59120d44081ac10bf85dc7e1388126b92338344ce9661907f253/cache-439d2449b8c345e0.arrow
09/04/2022 16:53:41 - WARNING - datasets.arrow_dataset - Loading cached processed dataset at /home/ace14385kw/.cache/huggingface/datasets/json/default-27bae8f72b8d9ea7/0.0.0/a3e658c4731e59120d44081ac10bf85dc7e1388126b92338344ce9661907f253/cache-91513928be71e210.arrow
{'loss': 3.5048, 'learning_rate': 4.5e-06, 'epoch': 1.0}
